<?xml version="1.0" encoding="UTF-8"?>
<testsuite name="cs2.hello.AppTest" tests="1" skipped="0" failures="0" errors="0" timestamp="2024-04-25T21:11:52" hostname="LAPTOP" time="0.002">
  <properties/>
  <testcase name="appHasAGreeting()" classname="cs2.hello.AppTest" time="0.002"/>
  <system-out><![CDATA[]]></system-out>
  <system-err><![CDATA[]]></system-err>
</testsuite>
